{
  "stats": {
    "suites": 1,
    "tests": 3,
    "passes": 3,
    "pending": 0,
    "failures": 0,
    "start": "2025-04-18T12:23:22.612Z",
    "end": "2025-04-18T12:23:34.594Z",
    "duration": 11982,
    "testsRegistered": 3,
    "passPercent": 100,
    "pendingPercent": 0,
    "other": 0,
    "hasOther": false,
    "skipped": 0,
    "hasSkipped": false
  },
  "results": [
    {
      "uuid": "1393de38-cd95-42d1-a196-1471a74a3bea",
      "title": "",
      "fullFile": "D:\\Materi QA Engineer By Digital Skola\\Tugas Submission\\Tugas Web UI Part 2\\test\\saucedemo.test.js",
      "file": "\\test\\saucedemo.test.js",
      "beforeHooks": [],
      "afterHooks": [],
      "tests": [],
      "suites": [
        {
          "uuid": "636e83f0-bc66-470e-88a9-838ba9be871b",
          "title": "SauceDemo Automation Test",
          "fullFile": "D:\\Materi QA Engineer By Digital Skola\\Tugas Submission\\Tugas Web UI Part 2\\test\\saucedemo.test.js",
          "file": "\\test\\saucedemo.test.js",
          "beforeHooks": [
            {
              "title": "\"before all\" hook in \"SauceDemo Automation Test\"",
              "fullTitle": "SauceDemo Automation Test \"before all\" hook in \"SauceDemo Automation Test\"",
              "timedOut": false,
              "duration": 10588,
              "state": null,
              "speed": null,
              "pass": false,
              "fail": false,
              "pending": false,
              "context": null,
              "code": "driver = await new Builder().forBrowser(\"chrome\").build();\nloginPage = new LoginPage(driver);\ninventoryPage = new InventoryPage(driver);",
              "err": {},
              "uuid": "32bf55f9-2c99-4431-903c-79e010e4c13a",
              "parentUUID": "636e83f0-bc66-470e-88a9-838ba9be871b",
              "isHook": true,
              "skipped": false
            }
          ],
          "afterHooks": [
            {
              "title": "\"after all\" hook in \"SauceDemo Automation Test\"",
              "fullTitle": "SauceDemo Automation Test \"after all\" hook in \"SauceDemo Automation Test\"",
              "timedOut": false,
              "duration": 66,
              "state": null,
              "speed": null,
              "pass": false,
              "fail": false,
              "pending": false,
              "context": null,
              "code": "await driver.quit();",
              "err": {},
              "uuid": "2852bcff-c842-49be-a297-b8a424f4ac0d",
              "parentUUID": "636e83f0-bc66-470e-88a9-838ba9be871b",
              "isHook": true,
              "skipped": false
            }
          ],
          "tests": [
            {
              "title": "Sukses Login",
              "fullTitle": "SauceDemo Automation Test Sukses Login",
              "timedOut": false,
              "duration": 1130,
              "state": "passed",
              "speed": "slow",
              "pass": true,
              "fail": false,
              "pending": false,
              "context": null,
              "code": "await loginPage.open();\nawait loginPage.login(\"standard_user\", \"secret_sauce\");\nconst url = await driver.getCurrentUrl();\nassert.ok(url.includes(\"inventory\"));",
              "err": {},
              "uuid": "9b50c0ff-59cd-462d-a240-e52a20b56c5c",
              "parentUUID": "636e83f0-bc66-470e-88a9-838ba9be871b",
              "isHook": false,
              "skipped": false
            },
            {
              "title": "Urutkan Produk dari A-Z",
              "fullTitle": "SauceDemo Automation Test Urutkan Produk dari A-Z",
              "timedOut": false,
              "duration": 87,
              "state": "passed",
              "speed": "slow",
              "pass": true,
              "fail": false,
              "pending": false,
              "context": null,
              "code": "await inventoryPage.sortAZ();\nconst firstProduct = await inventoryPage.getFirstProductName();\nassert.ok(firstProduct);",
              "err": {},
              "uuid": "2da6d0dd-597a-4424-93dd-42aadb7b2c88",
              "parentUUID": "636e83f0-bc66-470e-88a9-838ba9be871b",
              "isHook": false,
              "skipped": false
            },
            {
              "title": "Visual Testing - Ambil Screenshot Inventory Page",
              "fullTitle": "SauceDemo Automation Test Visual Testing - Ambil Screenshot Inventory Page",
              "timedOut": false,
              "duration": 105,
              "state": "passed",
              "speed": "slow",
              "pass": true,
              "fail": false,
              "pending": false,
              "context": null,
              "code": "await takeScreenshot(driver, \"inventory_screenshot.png\");\nconst fs = require(\"fs\");\nassert.ok(fs.existsSync(\"inventory_screenshot.png\"));",
              "err": {},
              "uuid": "9e33d727-4e6b-42d0-89ad-b0cb3062e4f5",
              "parentUUID": "636e83f0-bc66-470e-88a9-838ba9be871b",
              "isHook": false,
              "skipped": false
            }
          ],
          "suites": [],
          "passes": [
            "9b50c0ff-59cd-462d-a240-e52a20b56c5c",
            "2da6d0dd-597a-4424-93dd-42aadb7b2c88",
            "9e33d727-4e6b-42d0-89ad-b0cb3062e4f5"
          ],
          "failures": [],
          "pending": [],
          "skipped": [],
          "duration": 1322,
          "root": false,
          "rootEmpty": false,
          "_timeout": 30000
        }
      ],
      "passes": [],
      "failures": [],
      "pending": [],
      "skipped": [],
      "duration": 0,
      "root": true,
      "rootEmpty": true,
      "_timeout": 60000
    }
  ],
  "meta": {
    "mocha": {
      "version": "10.8.2"
    },
    "mochawesome": {
      "options": {
        "quiet": false,
        "reportFilename": "mochawesome",
        "saveHtml": true,
        "saveJson": true,
        "consoleReporter": "spec",
        "useInlineDiffs": false,
        "code": true
      },
      "version": "7.1.3"
    },
    "marge": {
      "options": null,
      "version": "6.2.0"
    }
  }
}